[2023-08-09 17:08:47,594] root - INFO - 'data' FUNCTION STARTED
[2023-08-09 17:08:47,594] root - INFO - Reading all params from config_path
[2023-08-09 17:08:47,601] root - INFO - parameters readed from config_path successfully!!!
[2023-08-09 17:08:47,601] root - INFO - 'drop_unnecessary_columns' FUNCTION STARTED
[2023-08-09 17:08:47,601] root - INFO - Reading all params from config_path
[2023-08-09 17:08:47,609] root - INFO - parameters readed from config_path successfully!!!
[2023-08-09 17:08:47,609] root - INFO - 'transform_dates_columns' FUNCTION STARTED
[2023-08-09 17:08:47,609] root - INFO - 'transform_pq_first_sent_to_client_date_columns' FUNCTION STARTED
[2023-08-09 17:08:47,609] root - INFO - 'impute_missing' FUNCTION STARTED
[2023-08-09 17:08:47,609] root - INFO - 'column_imputation' FUNCTION STARTED
[2023-08-09 17:08:47,609] root - INFO - getting the data from the source
[2023-08-09 17:08:47,609] root - INFO - Reading all params from config_path
[2023-08-09 17:08:47,617] root - INFO - parameters readed from config_path successfully!!!
[2023-08-09 17:08:47,693] root - INFO - Data Fetched from the source Successfully !!!
[2023-08-09 17:08:47,694] root - INFO - 'column_imputation' FUNCTION COMPILED SUCCESSFULLY
[2023-08-09 17:08:47,701] root - INFO - 'impute_missing' FUNCTION COMPILED SUCCESSFULLY
[2023-08-09 17:08:48,824] root - INFO - 'transform_pq_first_sent_to_client_date_columns' FUNCTION COMPILED SUCCESSFULLY
[2023-08-09 17:08:50,780] root - INFO - transform_dates_columns function compiled successfully
[2023-08-09 17:08:50,782] root - INFO - drop_unnecessary_columns function compiled successfully
[2023-08-09 17:08:50,933] root - INFO - data function compiled successfully
