[2023-06-17 12:58:55,695] root - INFO - 'data' FUNCTION STARTED
[2023-06-17 12:58:55,695] root - INFO - Reading all params from config_path
[2023-06-17 12:58:55,702] root - INFO - parameters readed from config_path successfully!!!
[2023-06-17 12:58:55,702] root - INFO - 'drop_unnecessary_columns' FUNCTION STARTED
[2023-06-17 12:58:55,702] root - INFO - Reading all params from config_path
[2023-06-17 12:58:55,707] root - INFO - parameters readed from config_path successfully!!!
[2023-06-17 12:58:55,707] root - INFO - 'transform_dates_columns' FUNCTION STARTED
[2023-06-17 12:58:55,707] root - INFO - 'transform_pq_first_sent_to_client_date_columns' FUNCTION STARTED
[2023-06-17 12:58:55,707] root - INFO - 'impute_missing' FUNCTION STARTED
[2023-06-17 12:58:55,707] root - INFO - 'column_imputation' FUNCTION STARTED
[2023-06-17 12:58:55,711] root - INFO - getting the data from the source
[2023-06-17 12:58:55,711] root - INFO - Reading all params from config_path
[2023-06-17 12:58:55,715] root - INFO - parameters readed from config_path successfully!!!
[2023-06-17 12:58:55,796] root - INFO - Data Fetched from the source Successfully !!!
[2023-06-17 12:58:55,796] root - INFO - 'column_imputation' FUNCTION COMPILED SUCCESSFULLY
[2023-06-17 12:58:55,800] root - INFO - 'impute_missing' FUNCTION COMPILED SUCCESSFULLY
[2023-06-17 12:58:56,777] root - INFO - 'transform_pq_first_sent_to_client_date_columns' FUNCTION COMPILED SUCCESSFULLY
[2023-06-17 12:58:58,994] root - INFO - Failed to execute the code please check your code and run
[2023-06-17 12:58:59,009] root - INFO - Exception occurred while compiling the code
[2023-06-17 12:58:59,009] root - INFO - Failed to execute the code please check your code and run
